[2017-12-29T11:24:32.303] [INFO] test - Cheese is Gouda.
[2017-12-29T11:24:32.306] [WARN] test - Cheese is quite smelly.
[2017-12-29T11:24:32.307] [ERROR] test - Cheese is too ripe!
[2017-12-29T11:24:32.307] [FATAL] test - Cheese was breeding ground for listeria.
[2017-12-29T11:25:09.337] [INFO] test - Cheese is Gouda.
[2017-12-29T11:25:09.341] [WARN] test - Cheese is quite smelly.
[2017-12-29T11:25:09.342] [ERROR] test - Cheese is too ripe!
[2017-12-29T11:25:09.342] [FATAL] test - Cheese was breeding ground for listeria.
[2017-12-29T11:33:58.573] [INFO] access - ::ffff:127.0.0.1 - - "POST /api/form HTTP/1.0" 200 12 "http://localhost:8081/form.html" "Mozilla/5.0 (Windows NT 10.0; Win64; x64) AppleWebKit/537.36 (KHTML, like Gecko) Chrome/59.0.3071.115 Safari/537.36"
[2017-12-29T16:37:56.303] [ERROR] test - yao test yaoyunchou
[2017-12-29T16:37:56.307] [INFO] test - Cheese is Gouda.
[2017-12-29T16:37:56.308] [WARN] test - Cheese is quite smelly.
[2017-12-29T16:37:56.308] [ERROR] test - Cheese is too ripe!
[2017-12-29T16:37:56.309] [FATAL] test - Cheese was breeding ground for listeria.
[2017-12-29T16:41:37.931] [INFO] test - Time: 2017-12-29T08:41:37.930Z
[2017-12-29T16:41:37.944] [ERROR] test - yao test yaoyunchou
[2017-12-29T16:41:37.945] [INFO] test - Cheese is Gouda.
[2017-12-29T16:41:37.945] [WARN] test - Cheese is quite smelly.
[2017-12-29T16:41:37.946] [ERROR] test - Cheese is too ripe!
[2017-12-29T16:41:37.947] [FATAL] test - Cheese was breeding ground for listeria.
[2017-12-29T16:43:56.030] [INFO] test - Time: 2017-12-29T08:43:56.029Z
[2017-12-29T16:43:56.038] [ERROR] controller - yao test yaoyunchou
[2017-12-29T16:43:56.039] [INFO] test - Cheese is Gouda.
[2017-12-29T16:43:56.042] [WARN] test - Cheese is quite smelly.
[2017-12-29T16:43:56.042] [ERROR] test - Cheese is too ripe!
[2017-12-29T16:43:56.043] [FATAL] test - Cheese was breeding ground for listeria.
