[2018-01-25T17:11:42.038] [INFO] test - Time: 2018-01-25T09:11:42.037Z
[2018-01-25T17:12:13.843] [INFO] access - ::1 - - "GET /api/form HTTP/1.1" 200 12 "" "Mozilla/5.0 (Windows NT 10.0; Win64; x64) AppleWebKit/537.36 (KHTML, like Gecko) Chrome/59.0.3071.115 Safari/537.36"
[2018-01-25T17:12:13.861] [INFO] access - ::1 - - "GET /favicon.ico HTTP/1.1" 404 9 "http://localhost:8090/api/form" "Mozilla/5.0 (Windows NT 10.0; Win64; x64) AppleWebKit/537.36 (KHTML, like Gecko) Chrome/59.0.3071.115 Safari/537.36"
[2018-01-25T17:12:19.560] [INFO] access - ::1 - - "GET /user/test HTTP/1.1" 404 9 "" "Mozilla/5.0 (Windows NT 10.0; Win64; x64) AppleWebKit/537.36 (KHTML, like Gecko) Chrome/59.0.3071.115 Safari/537.36"
[2018-01-25T17:15:49.100] [INFO] test - Time: 2018-01-25T09:15:49.100Z
[2018-01-25T17:17:28.175] [INFO] test - Time: 2018-01-25T09:17:28.175Z
[2018-01-25T17:17:43.110] [INFO] access - ::1 - - "GET /user/test HTTP/1.1" 404 9 "" "Mozilla/5.0 (Windows NT 10.0; Win64; x64) AppleWebKit/537.36 (KHTML, like Gecko) Chrome/59.0.3071.115 Safari/537.36"
[2018-01-25T17:18:33.954] [INFO] test - Time: 2018-01-25T09:18:33.954Z
[2018-01-25T17:18:44.203] [INFO] access - ::1 - - "GET /user/test HTTP/1.1" 404 9 "" "Mozilla/5.0 (Windows NT 10.0; Win64; x64) AppleWebKit/537.36 (KHTML, like Gecko) Chrome/59.0.3071.115 Safari/537.36"
[2018-01-25T17:18:45.666] [INFO] access - ::1 - - "GET /user/test HTTP/1.1" 404 9 "" "Mozilla/5.0 (Windows NT 10.0; Win64; x64) AppleWebKit/537.36 (KHTML, like Gecko) Chrome/59.0.3071.115 Safari/537.36"
[2018-01-25T17:18:46.771] [INFO] access - ::1 - - "GET /user/test HTTP/1.1" 404 9 "" "Mozilla/5.0 (Windows NT 10.0; Win64; x64) AppleWebKit/537.36 (KHTML, like Gecko) Chrome/59.0.3071.115 Safari/537.36"
[2018-01-25T17:19:29.449] [INFO] test - Time: 2018-01-25T09:19:29.448Z
[2018-01-25T17:20:36.731] [INFO] test - Time: 2018-01-25T09:20:36.730Z
[2018-01-25T17:22:02.639] [INFO] test - Time: 2018-01-25T09:22:02.638Z
[2018-01-25T17:49:27.065] [INFO] test - Time: 2018-01-25T09:49:27.064Z
[2018-01-25T17:50:33.881] [INFO] test - Time: 2018-01-25T09:50:33.880Z
[2018-01-25T17:51:20.260] [INFO] test - Time: 2018-01-25T09:51:20.260Z
[2018-01-25T17:55:07.699] [INFO] test - Time: 2018-01-25T09:55:07.698Z
[2018-01-25T18:55:15.951] [INFO] test - Time: 2018-01-25T10:55:15.951Z
[2018-01-25T18:56:48.593] [INFO] test - Time: 2018-01-25T10:56:48.592Z
[2018-01-25T19:02:15.701] [INFO] test - Time: 2018-01-25T11:02:15.700Z
[2018-01-25T19:06:47.556] [INFO] test - Time: 2018-01-25T11:06:47.555Z
[2018-01-25T19:07:34.280] [INFO] test - Time: 2018-01-25T11:07:34.279Z
[2018-01-25T22:42:25.308] [INFO] test - Time: 2018-01-25T14:42:25.307Z
[2018-01-25T22:45:16.224] [INFO] test - Time: 2018-01-25T14:45:16.223Z
[2018-01-25T22:58:58.022] [INFO] test - Time: 2018-01-25T14:58:58.022Z
[2018-01-25T22:58:58.052] [INFO] user - /list user/list
[2018-01-25T23:00:10.342] [INFO] test - Time: 2018-01-25T15:00:10.341Z
[2018-01-25T23:00:10.384] [INFO] user - /list user/list
[2018-01-25T23:01:41.583] [INFO] test - Time: 2018-01-25T15:01:41.583Z
[2018-01-25T23:01:41.635] [INFO] user - /list user/list
[2018-01-25T23:02:17.202] [INFO] test - Time: 2018-01-25T15:02:17.202Z
[2018-01-25T23:02:17.254] [INFO] user - /list user/list
[2018-01-25T23:03:12.417] [INFO] test - Time: 2018-01-25T15:03:12.417Z
[2018-01-25T23:03:12.470] [INFO] user - /list user/list
[2018-01-25T23:03:47.593] [INFO] test - Time: 2018-01-25T15:03:47.593Z
[2018-01-25T23:03:47.643] [INFO] user - /list user/list
[2018-01-25T23:07:44.576] [INFO] test - Time: 2018-01-25T15:07:44.576Z
[2018-01-25T23:07:44.629] [ERROR] user - user name
[2018-01-25T23:07:44.630] [INFO] user - /list user/list
[2018-01-25T23:08:37.670] [INFO] test - Time: 2018-01-25T15:08:37.670Z
[2018-01-25T23:08:39.777] [ERROR] user - user name
[2018-01-25T23:08:39.780] [INFO] user - /list user/list
[2018-01-25T23:09:46.386] [INFO] test - Time: 2018-01-25T15:09:46.386Z
[2018-01-25T23:09:49.034] [ERROR] user - user name
[2018-01-25T23:09:49.037] [INFO] user - /list user/list
[2018-01-25T23:09:54.133] [ERROR] user - user name
[2018-01-25T23:10:01.357] [ERROR] user - user target is not defined
[2018-01-25T23:10:56.769] [ERROR] user - user name
[2018-01-25T23:10:56.772] [ERROR] user - user target is not defined
[2018-01-25T23:11:03.172] [INFO] test - Time: 2018-01-25T15:11:03.172Z
[2018-01-25T23:11:03.203] [INFO] user - /list user/list
[2018-01-25T23:16:23.869] [INFO] test - Time: 2018-01-25T15:16:23.869Z
[2018-01-25T23:16:49.513] [INFO] user - /list user/list
